<?xml version="1.0" encoding="UTF-8"?>
<testsuites name="jest tests" tests="1" failures="1" errors="0" time="5.717">
  <testsuite name="DetailPage" errors="0" failures="1" skipped="0" timestamp="2022-04-27T10:09:13" time="3.708" tests="1">
    <testcase classname="DetailPage should open action Controller when click" name="DetailPage should open action Controller when click" time="0.028">
      <failure>Error: Unexpected value &apos;NavController&apos; imported by the module &apos;DynamicTestModule&apos;. Please add an @NgModule annotation.
    at verifySemanticsOfNgModuleDef (/Users/ntnhan01/Works/memo/client/node_modules/@angular/core/fesm2015/core.mjs:23854:19)
    at /Users/ntnhan01/Works/memo/client/node_modules/@angular/core/fesm2015/core.mjs:23865:9
    at Array.forEach (&lt;anonymous&gt;)
    at verifySemanticsOfNgModuleDef (/Users/ntnhan01/Works/memo/client/node_modules/@angular/core/fesm2015/core.mjs:23863:60)
    at Function.get (/Users/ntnhan01/Works/memo/client/node_modules/@angular/core/fesm2015/core.mjs:23825:21)
    at R3TestBedCompiler.applyProviderOverridesToModule (/Users/ntnhan01/Works/memo/client/node_modules/@angular/core/fesm2015/testing.mjs:1067:29)
    at R3TestBedCompiler.compileTestModule (/Users/ntnhan01/Works/memo/client/node_modules/@angular/core/fesm2015/testing.mjs:1315:14)
    at R3TestBedCompiler.finalize (/Users/ntnhan01/Works/memo/client/node_modules/@angular/core/fesm2015/testing.mjs:921:14)
    at TestBedRender3.get testModuleRef [as testModuleRef] (/Users/ntnhan01/Works/memo/client/node_modules/@angular/core/fesm2015/testing.mjs:1796:49)
    at TestBedRender3.inject (/Users/ntnhan01/Works/memo/client/node_modules/@angular/core/fesm2015/testing.mjs:1719:29)
    at Function.inject (/Users/ntnhan01/Works/memo/client/node_modules/@angular/core/fesm2015/testing.mjs:1610:37)
    at /Users/ntnhan01/Works/memo/client/src/app/main/pages/detail/detail.page.spec.ts:40:21
    at Generator.next (&lt;anonymous&gt;)
    at fulfilled (/Users/ntnhan01/Works/memo/client/node_modules/tslib/tslib.js:114:62)
    at _ZoneDelegate.Object.&lt;anonymous&gt;._ZoneDelegate.invoke (/Users/ntnhan01/Works/memo/client/node_modules/zone.js/bundles/zone-testing-bundle.umd.js:409:30)
    at ProxyZoneSpec.Object.&lt;anonymous&gt;.ProxyZoneSpec.onInvoke (/Users/ntnhan01/Works/memo/client/node_modules/zone.js/bundles/zone-testing-bundle.umd.js:3803:43)
    at _ZoneDelegate.Object.&lt;anonymous&gt;._ZoneDelegate.invoke (/Users/ntnhan01/Works/memo/client/node_modules/zone.js/bundles/zone-testing-bundle.umd.js:408:56)
    at Zone.Object.&lt;anonymous&gt;.Zone.run (/Users/ntnhan01/Works/memo/client/node_modules/zone.js/bundles/zone-testing-bundle.umd.js:169:47)
    at /Users/ntnhan01/Works/memo/client/node_modules/zone.js/bundles/zone-testing-bundle.umd.js:1326:38
    at _ZoneDelegate.Object.&lt;anonymous&gt;._ZoneDelegate.invokeTask (/Users/ntnhan01/Works/memo/client/node_modules/zone.js/bundles/zone-testing-bundle.umd.js:443:35)
    at ProxyZoneSpec.Object.&lt;anonymous&gt;.ProxyZoneSpec.onInvokeTask (/Users/ntnhan01/Works/memo/client/node_modules/zone.js/bundles/zone-testing-bundle.umd.js:3834:43)
    at _ZoneDelegate.Object.&lt;anonymous&gt;._ZoneDelegate.invokeTask (/Users/ntnhan01/Works/memo/client/node_modules/zone.js/bundles/zone-testing-bundle.umd.js:442:64)
    at Zone.Object.&lt;anonymous&gt;.Zone.runTask (/Users/ntnhan01/Works/memo/client/node_modules/zone.js/bundles/zone-testing-bundle.umd.js:214:51)
    at drainMicroTaskQueue (/Users/ntnhan01/Works/memo/client/node_modules/zone.js/bundles/zone-testing-bundle.umd.js:632:39)
    at processTicksAndRejections (node:internal/process/task_queues:96:5)</failure>
    </testcase>
  </testsuite>
</testsuites>