<?xml version="1.0" encoding="UTF-8"?>
<testsuites name="jest tests" tests="3" failures="0" errors="0" time="4.032">
  <testsuite name="DetailPage" errors="0" failures="0" skipped="0" timestamp="2022-04-28T12:30:51" time="3.372" tests="3">
    <testcase classname="DetailPage should create" name="DetailPage should create" time="0.114">
    </testcase>
    <testcase classname="DetailPage should call deletePost with post&apos;s id" name="DetailPage should call deletePost with post&apos;s id" time="0.027">
    </testcase>
    <testcase classname="DetailPage should navigate to edit mode/page" name="DetailPage should navigate to edit mode/page" time="0.019">
    </testcase>
  </testsuite>
</testsuites>