<?xml version="1.0" encoding="UTF-8"?>
<testsuites name="jest tests" tests="11" failures="0" errors="0" time="6.222">
  <testsuite name="DetailPage" errors="0" failures="0" skipped="0" timestamp="2022-04-29T10:15:16" time="2.519" tests="4">
    <testcase classname="DetailPage should create" name="DetailPage should create" time="0.128">
    </testcase>
    <testcase classname="DetailPage confirm modal should open when click" name="DetailPage confirm modal should open when click" time="0.029">
    </testcase>
    <testcase classname="DetailPage should call deletePost with post&apos;s id" name="DetailPage should call deletePost with post&apos;s id" time="0.015">
    </testcase>
    <testcase classname="DetailPage should navigate to edit mode/page" name="DetailPage should navigate to edit mode/page" time="0.017">
    </testcase>
  </testsuite>
  <testsuite name="PostsService" errors="0" failures="0" skipped="0" timestamp="2022-04-29T10:15:18" time="0.575" tests="4">
    <testcase classname="PostsService should get posts" name="PostsService should get posts" time="0.015">
    </testcase>
    <testcase classname="PostsService should create post" name="PostsService should create post" time="0.004">
    </testcase>
    <testcase classname="PostsService should update post" name="PostsService should update post" time="0.003">
    </testcase>
    <testcase classname="PostsService should delete post" name="PostsService should delete post" time="0.003">
    </testcase>
  </testsuite>
  <testsuite name="HomePage" errors="0" failures="0" skipped="0" timestamp="2022-04-29T10:15:19" time="0.909" tests="3">
    <testcase classname="HomePage should create" name="HomePage should create" time="0.101">
    </testcase>
    <testcase classname="HomePage should load first page when app starts" name="HomePage should load first page when app starts" time="0.036">
    </testcase>
    <testcase classname="HomePage should load more when scroll down" name="HomePage should load more when scroll down" time="0.03">
    </testcase>
  </testsuite>
</testsuites>