<?xml version="1.0" encoding="UTF-8"?>
<testsuites name="jest tests" tests="4" failures="1" errors="0" time="6.08">
  <testsuite name="HomePage" errors="0" failures="1" skipped="0" timestamp="2022-04-26T10:04:08" time="3.925" tests="4">
    <testcase classname="HomePage should exist" name="HomePage should exist" time="0.119">
    </testcase>
    <testcase classname="HomePage should create" name="HomePage should create" time="0.033">
    </testcase>
    <testcase classname="HomePage should load first page when app starts" name="HomePage should load first page when app starts" time="0.032">
      <failure>Error: expect(jest.fn()).toHaveBeenCalledWith(...expected)

Expected: Any&lt;GetPosts&gt;

Number of calls: 0
    at /Users/ntnhan01/Works/memo/client/src/app/main/pages/home/home.page.spec.ts:54:28
    at _ZoneDelegate.Object.&lt;anonymous&gt;._ZoneDelegate.invoke (/Users/ntnhan01/Works/memo/client/node_modules/zone.js/bundles/zone-testing-bundle.umd.js:409:30)
    at ProxyZoneSpec.Object.&lt;anonymous&gt;.ProxyZoneSpec.onInvoke (/Users/ntnhan01/Works/memo/client/node_modules/zone.js/bundles/zone-testing-bundle.umd.js:3803:43)
    at _ZoneDelegate.Object.&lt;anonymous&gt;._ZoneDelegate.invoke (/Users/ntnhan01/Works/memo/client/node_modules/zone.js/bundles/zone-testing-bundle.umd.js:408:56)
    at Zone.Object.&lt;anonymous&gt;.Zone.run (/Users/ntnhan01/Works/memo/client/node_modules/zone.js/bundles/zone-testing-bundle.umd.js:169:47)
    at Object.wrappedFunc (/Users/ntnhan01/Works/memo/client/node_modules/zone.js/bundles/zone-testing-bundle.umd.js:4288:34)
    at Promise.then.completed (/Users/ntnhan01/Works/memo/client/node_modules/jest-circus/build/utils.js:391:28)
    at new Promise (&lt;anonymous&gt;)
    at callAsyncCircusFn (/Users/ntnhan01/Works/memo/client/node_modules/jest-circus/build/utils.js:316:10)
    at _callCircusTest (/Users/ntnhan01/Works/memo/client/node_modules/jest-circus/build/run.js:218:40)
    at processTicksAndRejections (node:internal/process/task_queues:96:5)
    at _runTest (/Users/ntnhan01/Works/memo/client/node_modules/jest-circus/build/run.js:155:3)
    at _runTestsForDescribeBlock (/Users/ntnhan01/Works/memo/client/node_modules/jest-circus/build/run.js:66:9)
    at _runTestsForDescribeBlock (/Users/ntnhan01/Works/memo/client/node_modules/jest-circus/build/run.js:60:9)
    at run (/Users/ntnhan01/Works/memo/client/node_modules/jest-circus/build/run.js:25:3)
    at runAndTransformResultsToJestFormat (/Users/ntnhan01/Works/memo/client/node_modules/jest-circus/build/legacy-code-todo-rewrite/jestAdapterInit.js:170:21)</failure>
    </testcase>
    <testcase classname="HomePage should load more when scroll down and current page is not last page" name="HomePage should load more when scroll down and current page is not last page" time="0.03">
    </testcase>
  </testsuite>
</testsuites>